walrus::staking_inner,
EWrongEpochState,
EInvalidSyncEpoch,
EDuplicateSyncDone,
ENoStake,
ENotInCommittee,
ENotImplemented,

walrus::storage_node,
EInvalidNetworkPublicKey,

walrus::blob,
ENotCertified,
EBlobNotDeletable,
EResourceBounds,
EResourceSize,
EWrongEpoch,
EAlreadyCertified,
EInvalidBlobId,

walrus::staked_wal,
ENotWithdrawing,
EMetadataMismatch,
EInvalidAmount,
ENonZeroPrincipal,
ECantJoinWithdrawing,
ECantSplitWithdrawing,

walrus::messages,
EIncorrectAppId,
EIncorrectEpoch,
EInvalidMsgType,
EIncorrectIntentVersion,
EInvalidKeyLength,

walrus::storage_resource,
EInvalidEpoch,
EIncompatibleEpochs,
EIncompatibleAmount,

walrus::staking_pool,
EPoolAlreadyUpdated,
ECalculationError,
EIncorrectEpochAdvance,
EPoolNotEmpty,
EInvalidProofOfPossession,

walrus::system_state_inner,
EInvalidMaxEpochsAhead,
EStorageExceeded,
EInvalidEpochsAhead,
EInvalidIdEpoch,
EIncorrectCommittee,
EInvalidAccountingEpoch,
EIncorrectAttestation,
ERepeatedAttestation,
ENotCommitteeMember,

walrus::storage_accounting,
ETooFarInFuture,

walrus::encoding,
EInvalidEncoding,

walrus::bls_aggregate,
ETotalMemberOrder,
ESigVerification,
ENotEnoughStake,
EIncorrectCommittee,

wal_exchange::wal_exchange,
EInsufficientFundsInExchange,
EInsufficientInputBalance,
EUnauthorizedAdminCap,
EInvalidExchangeRate,
